app/build/outputs/logs/manifest-merger-debug-report.txt
-- Merging decision tree log ---
manifest
ADDED from src\main\AndroidManifest.xml:2:1-46:12
	package
		ADDED from src\main\AndroidManifest.xml:3:5-28
		INJECTED from src\main\AndroidManifest.xml
		INJECTED from src\main\AndroidManifest.xml
	android:versionName
		INJECTED from src\main\AndroidManifest.xml
		INJECTED from src\main\AndroidManifest.xml
	xmlns:android
		ADDED from src\main\AndroidManifest.xml:2:11-69
	android:versionCode
		INJECTED from src\main\AndroidManifest.xml
		INJECTED from src\main\AndroidManifest.xml
application
ADDED from src\main\AndroidManifest.xml:5:5-38:19
MERGED from [com.android.support:design:25.2.0] AndroidManifest.xml:25:5-20
MERGED from [com.android.support:transition:25.2.0] AndroidManifest.xml:22:5-20
MERGED from [com.android.support.constraint:constraint-layout:1.0.2] AndroidManifest.xml:9:5-20
MERGED from [com.google.android.gms:play-services-appindexing:8.4.0] AndroidManifest.xml:19:5-20
MERGED from [com.google.android.gms:play-services-basement:8.4.0] AndroidManifest.xml:20:5-24:19
MERGED from [com.guoqi.widget:iosdialog:0.2] AndroidManifest.xml:11:5-15:19
MERGED from [com.android.support:appcompat-v7:25.2.0] AndroidManifest.xml:25:5-20
MERGED from [com.android.support:support-v4:25.2.0] AndroidManifest.xml:25:5-20
MERGED from [com.android.support:support-fragment:25.2.0] AndroidManifest.xml:25:5-20
MERGED from [com.android.support:support-media-compat:25.2.0] AndroidManifest.xml:25:5-20
MERGED from [com.android.support:support-core-ui:25.2.0] AndroidManifest.xml:25:5-20
MERGED from [com.android.support:support-core-utils:25.2.0] AndroidManifest.xml:25:5-20
MERGED from [com.android.support:animated-vector-drawable:25.2.0] AndroidManifest.xml:22:5-20
MERGED from [com.android.support:support-vector-drawable:25.2.0] AndroidManifest.xml:23:5-20
MERGED from [com.android.support:support-compat:25.2.0] AndroidManifest.xml:25:5-20
	android:label
		ADDED from src\main\AndroidManifest.xml:8:9-41
	android:supportsRtl
		ADDED from src\main\AndroidManifest.xml:9:9-35
	android:allowBackup
		ADDED from src\main\AndroidManifest.xml:6:9-35
	android:icon
		ADDED from src\main\AndroidManifest.xml:7:9-36
	android:theme
		ADDED from src\main\AndroidManifest.xml:10:9-40
activity#com.tkx.first.WelcomeActivity
ADDED from src\main\AndroidManifest.xml:12:9-18:20
	android:name
		ADDED from src\main\AndroidManifest.xml:12:19-50
intent-filter#android.intent.action.MAIN+android.intent.category.LAUNCHER
ADDED from src\main\AndroidManifest.xml:13:13-17:29
action#android.intent.action.MAIN
ADDED from src\main\AndroidManifest.xml:14:17-69
	android:name
		ADDED from src\main\AndroidManifest.xml:14:25-66
category#android.intent.category.LAUNCHER
ADDED from src\main\AndroidManifest.xml:16:17-77
	android:name
		ADDED from src\main\AndroidManifest.xml:16:27-74
activity#com.tkx.first.MainActivity
ADDED from src\main\AndroidManifest.xml:19:9-22:20
	android:windowSoftInputMode
		ADDED from src\main\AndroidManifest.xml:21:13-52
	android:name
		ADDED from src\main\AndroidManifest.xml:20:13-41
activity#com.tkx.first.EditActivity
ADDED from src\main\AndroidManifest.xml:23:9-27:20
	android:windowSoftInputMode
		ADDED from src\main\AndroidManifest.xml:25:13-52
	android:name
		ADDED from src\main\AndroidManifest.xml:24:13-41
activity#com.tkx.first.CodeActivity
ADDED from src\main\AndroidManifest.xml:29:9-32:64
	android:windowSoftInputMode
		ADDED from src\main\AndroidManifest.xml:32:13-52
	android:theme
		ADDED from src\main\AndroidManifest.xml:31:13-56
	android:name
		ADDED from src\main\AndroidManifest.xml:30:13-41
meta-data#com.google.android.gms.version
ADDED from src\main\AndroidManifest.xml:35:9-37:69
MERGED from [com.google.android.gms:play-services-basement:8.4.0] AndroidManifest.xml:21:9-23:69
	android:value
		ADDED from src\main\AndroidManifest.xml:37:13-66
	android:name
		ADDED from src\main\AndroidManifest.xml:36:13-58
uses-permission-sdk-23
ADDED from src\main\AndroidManifest.xml:40:5-111
	android:name
		ADDED from src\main\AndroidManifest.xml:40:29-85
uses-permission#android.permission.MOUNT_UNMOUNT_FILESYSTEMS
ADDED from src\main\AndroidManifest.xml:42:5-84
	android:name
		ADDED from src\main\AndroidManifest.xml:42:22-81
uses-permission#android.permission.WRITE_EXTERNAL_STORAGE
ADDED from src\main\AndroidManifest.xml:43:5-97
	android:name
		ADDED from src\main\AndroidManifest.xml:43:22-78
uses-permission#android.permission.READ_EXTERNAL_STORAGE
ADDED from src\main\AndroidManifest.xml:44:5-96
	android:name
		ADDED from src\main\AndroidManifest.xml:44:22-77
uses-sdk
INJECTED from src\main\AndroidManifest.xml reason: use-sdk injection requested
MERGED from [com.android.support:design:25.2.0] AndroidManifest.xml:21:5-23:62
MERGED from [com.android.support:recyclerview-v7:25.2.0] AndroidManifest.xml:20:5-43
MERGED from [com.android.support:transition:25.2.0] AndroidManifest.xml:20:5-44
MERGED from [com.android.support.constraint:constraint-layout:1.0.2] AndroidManifest.xml:5:5-7:41
MERGED from [com.google.android.gms:play-services-appindexing:8.4.0] AndroidManifest.xml:18:5-42
MERGED from [com.google.android.gms:play-services-base:8.4.0] AndroidManifest.xml:18:5-42
MERGED from [com.google.android.gms:play-services-basement:8.4.0] AndroidManifest.xml:18:5-42
MERGED from [com.guoqi.widget:iosdialog:0.2] AndroidManifest.xml:7:5-9:41
MERGED from [com.android.support:appcompat-v7:25.2.0] AndroidManifest.xml:21:5-23:78
MERGED from [com.android.support:support-v4:25.2.0] AndroidManifest.xml:21:5-23:54
MERGED from [com.android.support:support-fragment:25.2.0] AndroidManifest.xml:21:5-23:60
MERGED from [com.android.support:support-media-compat:25.2.0] AndroidManifest.xml:21:5-23:63
MERGED from [com.android.support:support-core-ui:25.2.0] AndroidManifest.xml:21:5-23:58
MERGED from [com.android.support:support-core-utils:25.2.0] AndroidManifest.xml:21:5-23:61
MERGED from [com.android.support:animated-vector-drawable:25.2.0] AndroidManifest.xml:20:5-44
MERGED from [com.android.support:support-vector-drawable:25.2.0] AndroidManifest.xml:21:5-43
MERGED from [com.android.support:support-compat:25.2.0] AndroidManifest.xml:21:5-23:58
	tools:overrideLibrary
		ADDED from [com.android.support:design:25.2.0] AndroidManifest.xml:23:9-59
	android:targetSdkVersion
		INJECTED from src\main\AndroidManifest.xml
		INJECTED from src\main\AndroidManifest.xml
	android:minSdkVersion
		INJECTED from src\main\AndroidManifest.xml
		INJECTED from src\main\AndroidManifest.xml